<?xml version="1.0" encoding="UTF-8"?>
<!-- Generated by org.testng.reporters.JUnitXMLReporter -->
<testsuite ignored="0" hostname="LAPTOP-HH7IGSDH" failures="1" tests="3" name="Test" time="0.064" errors="0" timestamp="2022-01-07T14:59:00 PST">
  <testcase classname="tesatNGListenersPVN.LoginTest" name="stup" time="0.009">
    <failure type="java.lang.AssertionError">
      <![CDATA[java.lang.AssertionError
at org.junit.Assert.fail(Assert.java:86)
at org.junit.Assert.assertTrue(Assert.java:41)
at org.junit.Assert.assertTrue(Assert.java:52)
at tesatNGListenersPVN.LoginTest.stup(LoginTest.java:13)
at java.base/java.util.ArrayList.forEach(ArrayList.java:1511)
... Removed 27 stack frames]]>
    </failure>
  </testcase> <!-- stup -->
  <testcase classname="tesatNGListenersPVN.LoginTest" name="loginByEmail" time="0.002"/>
  <testcase classname="tesatNGListenersPVN.LoginTest" name="LoginByFacebook" time="0.0">
    <skipped/>
  </testcase> <!-- LoginByFacebook -->
</testsuite> <!-- Test -->
